Vivado Simulator v2022.1
Copyright 1986-1999, 2001-2022 Xilinx, Inc. All Rights Reserved.
Running: C:/Apps/Xilinx/Vivado/2022.1/bin/unwrapped/win64.o/xelab.exe --incr --debug typical --relax --mt 2 -L xil_defaultlib -L unisims_ver -L unimacro_ver -L secureip --snapshot mux_tb_behav xil_defaultlib.mux_tb xil_defaultlib.glbl -log elaborate.log 
Using 2 slave threads.
Starting static elaboration
Pass Through NonSizing Optimizer
WARNING: [VRFC 10-3091] actual bit length 32 differs from formal bit length 1 for port 'cin' [Z:/ECC/Desktop/Coen122L/finalproject/COEN122LFinal/finalproject.srcs/sources_1/new/fulladder.v:31]
Completed static elaboration
Starting simulation data flow analysis
WARNING: [XSIM 43-4100] "Z:/ECC/Desktop/Coen122L/finalproject/COEN122LFinal/finalproject.sim/sim_1/behav/xsim/glbl.v" Line 6. Module glbl has a timescale but at least one module in design doesn't have timescale.
WARNING: [XSIM 43-4100] "Z:/ECC/Desktop/Coen122L/finalproject/COEN122LFinal/finalproject.sim/sim_1/behav/xsim/glbl.v" Line 6. Module glbl has a timescale but at least one module in design doesn't have timescale.
Completed simulation data flow analysis
Time Resolution for simulation is 1ps
Compiling module xil_defaultlib.oneBitAdder
Compiling module xil_defaultlib.fullAdder
Compiling module xil_defaultlib.twoComp
Compiling module xil_defaultlib.threeToOne
Compiling module xil_defaultlib.ALU
Compiling module xil_defaultlib.mux_tb
Compiling module xil_defaultlib.glbl
Built simulation snapshot mux_tb_behav
